<?xml version="1.0" encoding="UTF-8"?>
<coverage generated="1770346156473" clover="3.2.0">
  <project timestamp="1770346156473" name="All files">
    <metrics statements="21" coveredstatements="18" conditionals="5" coveredconditionals="4" methods="8" coveredmethods="5" elements="34" coveredelements="27" complexity="0" loc="21" ncloc="21" packages="3" files="3" classes="3"/>
    <package name="components">
      <metrics statements="4" coveredstatements="4" conditionals="0" coveredconditionals="0" methods="1" coveredmethods="1"/>
      <file name="MyAwesomeApp.tsx" path="/Users/nicolasguerrero/Desktop/curso-react/firts-steps/src/components/MyAwesomeApp.tsx">
        <metrics statements="4" coveredstatements="4" conditionals="0" coveredconditionals="0" methods="1" coveredmethods="1"/>
        <line num="1" count="1" type="stmt"/>
        <line num="2" count="1" type="stmt"/>
        <line num="3" count="1" type="stmt"/>
        <line num="6" count="3" type="stmt"/>
      </file>
    </package>
    <package name="helpers">
      <metrics statements="8" coveredstatements="5" conditionals="0" coveredconditionals="0" methods="4" coveredmethods="1"/>
      <file name="math.helper.ts" path="/Users/nicolasguerrero/Desktop/curso-react/firts-steps/src/helpers/math.helper.ts">
        <metrics statements="8" coveredstatements="5" conditionals="0" coveredconditionals="0" methods="4" coveredmethods="1"/>
        <line num="2" count="1" type="stmt"/>
        <line num="3" count="1" type="stmt"/>
        <line num="5" count="1" type="stmt"/>
        <line num="6" count="0" type="stmt"/>
        <line num="8" count="1" type="stmt"/>
        <line num="9" count="0" type="stmt"/>
        <line num="11" count="1" type="stmt"/>
        <line num="12" count="0" type="stmt"/>
      </file>
    </package>
    <package name="shopping-cart">
      <metrics statements="9" coveredstatements="9" conditionals="5" coveredconditionals="4" methods="3" coveredmethods="3"/>
      <file name="ItemCounter.tsx" path="/Users/nicolasguerrero/Desktop/curso-react/firts-steps/src/shopping-cart/ItemCounter.tsx">
        <metrics statements="9" coveredstatements="9" conditionals="5" coveredconditionals="4" methods="3" coveredmethods="3"/>
        <line num="8" count="1" type="cond" truecount="1" falsecount="0"/>
        <line num="10" count="7" type="stmt"/>
        <line num="12" count="7" type="stmt"/>
        <line num="13" count="1" type="cond" truecount="1" falsecount="1"/>
        <line num="14" count="1" type="stmt"/>
        <line num="16" count="7" type="stmt"/>
        <line num="17" count="2" type="cond" truecount="2" falsecount="0"/>
        <line num="18" count="1" type="stmt"/>
        <line num="21" count="7" type="stmt"/>
      </file>
    </package>
  </project>
</coverage>
