{"/Users/nicolasguerrero/Desktop/curso-react/firts-steps/src/components/MyAwesomeApp.tsx": {"path":"/Users/nicolasguerrero/Desktop/curso-react/firts-steps/src/components/MyAwesomeApp.tsx","statementMap":{"0":{"start":{"line":1,"column":21},"end":{"line":1,"column":null}},"1":{"start":{"line":2,"column":25},"end":{"line":2,"column":null}},"2":{"start":{"line":3,"column":23},"end":{"line":3,"column":null}},"3":{"start":{"line":6,"column":2},"end":{"line":11,"column":null}}},"fnMap":{"0":{"name":"MyAwesomeApp","decl":{"start":{"line":4,"column":24},"end":{"line":4,"column":null}},"loc":{"start":{"line":4,"column":24},"end":{"line":16,"column":null}},"line":4}},"branchMap":{},"s":{"0":1,"1":1,"2":1,"3":3},"f":{"0":3},"b":{},"meta":{"lastBranch":0,"lastFunction":1,"lastStatement":4,"seen":{"s:1:21:1:Infinity":0,"s:2:25:2:Infinity":1,"s:3:23:3:Infinity":2,"f:4:24:4:Infinity":0,"s:6:2:11:Infinity":3}}}
,"/Users/nicolasguerrero/Desktop/curso-react/firts-steps/src/helpers/math.helper.ts": {"path":"/Users/nicolasguerrero/Desktop/curso-react/firts-steps/src/helpers/math.helper.ts","statementMap":{"0":{"start":{"line":2,"column":19},"end":{"line":4,"column":null}},"1":{"start":{"line":3,"column":4},"end":{"line":3,"column":null}},"2":{"start":{"line":5,"column":23},"end":{"line":7,"column":null}},"3":{"start":{"line":6,"column":4},"end":{"line":6,"column":null}},"4":{"start":{"line":8,"column":24},"end":{"line":10,"column":null}},"5":{"start":{"line":9,"column":4},"end":{"line":9,"column":null}},"6":{"start":{"line":11,"column":22},"end":{"line":13,"column":null}},"7":{"start":{"line":12,"column":4},"end":{"line":12,"column":null}}},"fnMap":{"0":{"name":"(anonymous_0)","decl":{"start":{"line":2,"column":19},"end":{"line":2,"column":20}},"loc":{"start":{"line":2,"column":31},"end":{"line":4,"column":null}},"line":2},"1":{"name":"(anonymous_1)","decl":{"start":{"line":5,"column":23},"end":{"line":5,"column":24}},"loc":{"start":{"line":5,"column":35},"end":{"line":7,"column":null}},"line":5},"2":{"name":"(anonymous_2)","decl":{"start":{"line":8,"column":24},"end":{"line":8,"column":25}},"loc":{"start":{"line":8,"column":36},"end":{"line":10,"column":null}},"line":8},"3":{"name":"(anonymous_3)","decl":{"start":{"line":11,"column":22},"end":{"line":11,"column":23}},"loc":{"start":{"line":11,"column":34},"end":{"line":13,"column":null}},"line":11}},"branchMap":{},"s":{"0":1,"1":1,"2":1,"3":0,"4":1,"5":0,"6":1,"7":0},"f":{"0":1,"1":0,"2":0,"3":0},"b":{},"meta":{"lastBranch":0,"lastFunction":4,"lastStatement":8,"seen":{"s:2:19:4:Infinity":0,"f:2:19:2:20":0,"s:3:4:3:Infinity":1,"s:5:23:7:Infinity":2,"f:5:23:5:24":1,"s:6:4:6:Infinity":3,"s:8:24:10:Infinity":4,"f:8:24:8:25":2,"s:9:4:9:Infinity":5,"s:11:22:13:Infinity":6,"f:11:22:11:23":3,"s:12:4:12:Infinity":7}}}
,"/Users/nicolasguerrero/Desktop/curso-react/firts-steps/src/shopping-cart/ItemCounter.tsx": {"path":"/Users/nicolasguerrero/Desktop/curso-react/firts-steps/src/shopping-cart/ItemCounter.tsx","statementMap":{"0":{"start":{"line":8,"column":27},"end":{"line":37,"column":null}},"1":{"start":{"line":10,"column":29},"end":{"line":10,"column":null}},"2":{"start":{"line":12,"column":23},"end":{"line":15,"column":null}},"3":{"start":{"line":13,"column":8},"end":{"line":13,"column":null}},"4":{"start":{"line":13,"column":28},"end":{"line":13,"column":null}},"5":{"start":{"line":14,"column":8},"end":{"line":14,"column":null}},"6":{"start":{"line":16,"column":28},"end":{"line":19,"column":null}},"7":{"start":{"line":17,"column":8},"end":{"line":17,"column":null}},"8":{"start":{"line":17,"column":27},"end":{"line":17,"column":null}},"9":{"start":{"line":18,"column":8},"end":{"line":18,"column":null}},"10":{"start":{"line":21,"column":2},"end":{"line":34,"column":null}}},"fnMap":{"0":{"name":"(anonymous_0)","decl":{"start":{"line":8,"column":27},"end":{"line":8,"column":28}},"loc":{"start":{"line":8,"column":55},"end":{"line":37,"column":null}},"line":8},"1":{"name":"(anonymous_1)","decl":{"start":{"line":12,"column":23},"end":{"line":12,"column":null}},"loc":{"start":{"line":12,"column":23},"end":{"line":15,"column":null}},"line":12},"2":{"name":"(anonymous_2)","decl":{"start":{"line":16,"column":28},"end":{"line":16,"column":null}},"loc":{"start":{"line":16,"column":28},"end":{"line":19,"column":null}},"line":16}},"branchMap":{"0":{"loc":{"start":{"line":8,"column":35},"end":{"line":8,"column":47}},"type":"default-arg","locations":[{"start":{"line":8,"column":46},"end":{"line":8,"column":47}}],"line":8},"1":{"loc":{"start":{"line":13,"column":8},"end":{"line":13,"column":null}},"type":"if","locations":[{"start":{"line":13,"column":8},"end":{"line":13,"column":null}},{"start":{},"end":{}}],"line":13},"2":{"loc":{"start":{"line":17,"column":8},"end":{"line":17,"column":null}},"type":"if","locations":[{"start":{"line":17,"column":8},"end":{"line":17,"column":null}},{"start":{},"end":{}}],"line":17}},"s":{"0":1,"1":7,"2":7,"3":1,"4":0,"5":1,"6":7,"7":2,"8":1,"9":1,"10":7},"f":{"0":7,"1":1,"2":2},"b":{"0":[7],"1":[0,1],"2":[1,1]},"meta":{"lastBranch":3,"lastFunction":3,"lastStatement":11,"seen":{"s:8:27:37:Infinity":0,"f:8:27:8:28":0,"b:8:46:8:47":0,"s:10:29:10:Infinity":1,"s:12:23:15:Infinity":2,"f:12:23:12:Infinity":1,"b:13:8:13:Infinity:undefined:undefined:undefined:undefined":1,"s:13:8:13:Infinity":3,"s:13:28:13:Infinity":4,"s:14:8:14:Infinity":5,"s:16:28:19:Infinity":6,"f:16:28:16:Infinity":2,"b:17:8:17:Infinity:undefined:undefined:undefined:undefined":2,"s:17:8:17:Infinity":7,"s:17:27:17:Infinity":8,"s:18:8:18:Infinity":9,"s:21:2:34:Infinity":10}}}
}
